<?xml version="1.0" encoding="UTF-8"?>
<!-- Generated by org.testng.reporters.JUnitXMLReporter -->
<testsuite hostname="Imran-PC" name="Regression Test" tests="1" failures="1" timestamp="10 Sep 2018 03:41:38 GMT" time="0.538" errors="0">
  <testcase name="@AfterClass teardown" time="0.0" classname="com.freecrm.qa.testrunner.testrunner">
    <failure type="cucumber.runtime.CucumberException" message="Only one formatter can use STDOUT, now both pretty and pretty use it. If you use more than one formatter you must specify output path with PLUGIN:PATH_OR_URL">
      <![CDATA[cucumber.runtime.CucumberException: Only one formatter can use STDOUT, now both pretty and pretty use it. If you use more than one formatter you must specify output path with PLUGIN:PATH_OR_URL
	at cucumber.runtime.formatter.PluginFactory.defaultOutOrFailIfAlreadyUsed(PluginFactory.java:185)
	at cucumber.runtime.formatter.PluginFactory.convertOrNull(PluginFactory.java:144)
	at cucumber.runtime.formatter.PluginFactory.instantiate(PluginFactory.java:99)
	at cucumber.runtime.formatter.PluginFactory.create(PluginFactory.java:87)
	at cucumber.runtime.RuntimeOptions.getPlugins(RuntimeOptions.java:245)
	at cucumber.runtime.RuntimeOptions$1.invoke(RuntimeOptions.java:291)
	at com.sun.proxy.$Proxy17.done(Unknown Source)
	at cucumber.api.testng.TestNGCucumberRunner.finish(TestNGCucumberRunner.java:76)
	at com.freecrm.qa.testrunner.testrunner.teardown(testrunner.java:40)
... Removed 24 stack frames]]>
    </failure>
  </testcase> <!-- @AfterClass teardown -->
  <testcase name="feature" time="0.019" classname="com.freecrm.qa.testrunner.testrunner">
    <failure type="cucumber.runtime.CucumberException" message="java.io.IOException: Failed to create directory D:\MobileAutomation\FreeCRMCucumberFramework\target\cucumber-reports\CucumberTestReport.jsonrerun:target\cucumber-reports">
      <![CDATA[cucumber.runtime.CucumberException: java.io.IOException: Failed to create directory D:\MobileAutomation\FreeCRMCucumberFramework\target\cucumber-reports\CucumberTestReport.jsonrerun:target\cucumber-reports
	at cucumber.runtime.formatter.PluginFactory.create(PluginFactory.java:89)
	at cucumber.runtime.RuntimeOptions.getPlugins(RuntimeOptions.java:245)
	at cucumber.runtime.RuntimeOptions$1.invoke(RuntimeOptions.java:291)
	at com.sun.proxy.$Proxy17.uri(Unknown Source)
	at cucumber.runtime.model.CucumberFeature.run(CucumberFeature.java:160)
	at cucumber.api.testng.TestNGCucumberRunner.runCucumber(TestNGCucumberRunner.java:63)
	at com.freecrm.qa.testrunner.testrunner.feature(testrunner.java:28)
Caused by: java.io.IOException: Failed to create directory D:\MobileAutomation\FreeCRMCucumberFramework\target\cucumber-reports\CucumberTestReport.jsonrerun:target\cucumber-reports
	at cucumber.runtime.io.URLOutputStream.ensureParentDirExists(URLOutputStream.java:53)
	at cucumber.runtime.io.URLOutputStream.<init>(URLOutputStream.java:33)
	at cucumber.runtime.io.URLOutputStream.<init>(URLOutputStream.java:24)
	at cucumber.runtime.formatter.PluginFactory.convertOrNull(PluginFactory.java:142)
	at cucumber.runtime.formatter.PluginFactory.instantiate(PluginFactory.java:99)
	at cucumber.runtime.formatter.PluginFactory.create(PluginFactory.java:87)
	... 30 more
... Removed 24 stack frames]]>
    </failure>
  </testcase> <!-- feature -->
</testsuite> <!-- Regression Test -->
