<?xml version="1.0" encoding="UTF-8"?>
<testng-results skipped="0" failed="0" total="1" passed="1">
  <reporter-output>
  </reporter-output>
  <suite name="BDD Test Suite" duration-ms="58050" started-at="2018-09-11T03:33:25Z" finished-at="2018-09-11T03:34:23Z">
    <groups>
      <group name="cucumber">
        <method signature="testrunner.feature(cucumber.api.testng.CucumberFeatureWrapper)[pri:0, instance:com.freecrm.qa.testrunner.testrunner@2f686d1f]" name="feature" class="com.freecrm.qa.testrunner.testrunner"/>
      </group> <!-- cucumber -->
    </groups>
    <test name="Regression Test" duration-ms="58050" started-at="2018-09-11T03:33:25Z" finished-at="2018-09-11T03:34:23Z">
      <class name="com.freecrm.qa.testrunner.testrunner">
        <test-method status="PASS" signature="setUp()[pri:0, instance:com.freecrm.qa.testrunner.testrunner@2f686d1f]" name="setUp" is-config="true" duration-ms="327" started-at="2018-09-11T09:03:25Z" finished-at="2018-09-11T09:03:26Z">
          <reporter-output>
          </reporter-output>
        </test-method> <!-- setUp -->
        <test-method status="PASS" signature="feature(cucumber.api.testng.CucumberFeatureWrapper)[pri:0, instance:com.freecrm.qa.testrunner.testrunner@2f686d1f]" name="feature" duration-ms="57563" started-at="2018-09-11T09:03:26Z" description="Runs Cucumber Features" data-provider="features" finished-at="2018-09-11T09:04:23Z">
          <params>
            <param index="0">
              <value>
                <![CDATA[User Registration]]>
              </value>
            </param>
          </params>
          <reporter-output>
          </reporter-output>
        </test-method> <!-- feature -->
        <test-method status="PASS" signature="teardown()[pri:0, instance:com.freecrm.qa.testrunner.testrunner@2f686d1f]" name="teardown" is-config="true" duration-ms="7" started-at="2018-09-11T09:04:23Z" finished-at="2018-09-11T09:04:23Z">
          <reporter-output>
          </reporter-output>
        </test-method> <!-- teardown -->
      </class> <!-- com.freecrm.qa.testrunner.testrunner -->
    </test> <!-- Regression Test -->
  </suite> <!-- BDD Test Suite -->
</testng-results>
