<?xml version="1.0" encoding="UTF-8"?><testsuite failures="0" name="cucumber.runtime.formatter.JUnitFormatter" skipped="0" tests="1" time="57.980725">
<testcase classname="Login to the automation practice site" name="Login with valid credential using data table" time="57.980725">
<system-out><![CDATA[Given I am on the Pre-Login page URL "http://automationpractice.com/index.php".passed
Then I should see site logo.................................................passed
When I click on Signin link.................................................passed
And I enters the username and password......................................passed
Then I will be on home page and will see the Sign Out link..................passed
Then I click on the Sign out link...........................................passed
]]></system-out>
</testcase>
</testsuite>
